<?xml version="1.0" encoding="UTF-8"?>
<!-- Generated by org.testng.reporters.JUnitReportReporter -->
<testsuite hostname="DESKTOP-8KC412U" failures="0" tests="1" name="SeatPal.SeatPal.LoginTest" time="12.828" errors="0" timestamp="2025-10-02T13:57:17 IST" skipped="0">
  <testcase classname="SeatPal.SeatPal.LoginTest" name="validLoginTest" time="12.828"/>
</testsuite> <!-- SeatPal.SeatPal.LoginTest -->
